<?xml version="1.0" encoding="UTF-8"?><testsuite failures="0" name="cucumber.runtime.formatter.JUnitFormatter" skipped="0" tests="1" time="55.457712">
<testcase classname="Completing contact form" name="Many users fill out the Contact Us form" time="55.457712">
<system-out><![CDATA[Given a customer fills in the Contct Us form................................passed
When they click the submit button...........................................passed
Then they get the thank you message.........................................passed
]]></system-out>
</testcase>
</testsuite>
        <Duration>51</Duration>
            <Extension>
                <Any>
                    <IconKey>Run</IconKey>
                    <IsHtmlErrorText>true</IsHtmlErrorText>
                </Any>
            </Extension>
            <Environment>
                <OSInfo><![CDATA[Microsoft Windows NT 6.2.9200.0]]></OSInfo>
                <HostName>ADMCLIENT</HostName>
                <NumberOfCores>2</NumberOfCores>
                <CpuInfo/>
                <TotalMemory>6207</TotalMemory>
                <Locale><![CDATA[en-US]]></Locale>
                <Timezone>Eastern Standard Time</Timezone>
                <User><![CDATA[Orasi_SA]]></User>
            </Environment>
            <TestedApplication/>
            <ToolName>LeanFT</ToolName>
            <ToolVersion><![CDATA[14.0]]></ToolVersion>
        </Data>
        <ReportNode type="Step">
            <Data>
                <Name><![CDATA[Browser.navigate]]></Name>
                <Description><![CDATA[<style>.ex-table{border-collapse: collapse !important;width: auto;height: auto;}.ex-table,.ex-table tr,.ex-table td{border: 1px solid #c6c6c6;}.ex-table td{padding: 5px 10px;vertical-align: top;width: auto;}.ex-table .ex-name{font-size: 13px;font-weight: bold;background-color: #f3f3f3;white-space: nowrap;}.ex-table .ex-value{color: #5a5a5a;}</style><table class='ex-table'><tr><td class='ex-name'>arg0</td><td class='ex-value'>&quot;http://www.orasi.com&quot;</td></tr></table>]]></Description>
                <StartTime>2017-04-27 15:27:47</StartTime>
                <Result>Passed</Result>
                <Links/>
                <Duration>1</Duration>
                <Snapshot reference="Resources\Snapshots\a1b8a8de-872e-4144-8aa2-6ec45151f459.png"><![CDATA[Resources\Snapshots\a1b8a8de-872e-4144-8aa2-6ec45151f459.png]]></Snapshot>
                <Extension>
                    <Any>
                        <TestObject>
                            <Path>
                                <Object>
                                    <Type>Web.Browser</Type>
                                    <Name><![CDATA[Browser]]></Name>
                                </Object>
                            </Path>
                            <Operation>navigate</Operation>
                            <OperationData><![CDATA[<style>.ex-table{border-collapse: collapse !important;width: auto;height: auto;}.ex-table,.ex-table tr,.ex-table td{border: 1px solid #c6c6c6;}.ex-table td{padding: 5px 10px;vertical-align: top;width: auto;}.ex-table .ex-name{font-size: 13px;font-weight: bold;background-color: #f3f3f3;white-space: nowrap;}.ex-table .ex-value{color: #5a5a5a;}</style><table class='ex-table'><tr><td class='ex-name'>arg0</td><td class='ex-value'>&quot;http://www.orasi.com&quot;</td></tr></table>]]></OperationData>
                            <Properties>
                                <Property>
                                    <Name><![CDATA[type]]></Name>
                                    <Value><![CDATA[Mozilla Firefox]]></Value>
                                </Property>
                                <Property>
                                    <Name><![CDATA[version]]></Name>
                                    <Value><![CDATA[44.0]]></Value>
                                </Property>
                            </Properties>
                        </TestObject>
                        <IsHtmlErrorText>true</IsHtmlErrorText>
                        <IconKey>Browser</IconKey>
                        <CustomUIElements>
                            <DescriptionLabel>Data</DescriptionLabel>
                        </CustomUIElements>
                        <Descriptive>
                            <TestObject>
                                <Path>
                                    <Object>
                                        <Type>Web.Browser</Type>
                                        <Name><![CDATA[Browser]]></Name>
                                        <IconKey>Browser</IconKey>
                                    </Object>
                                </Path>
                            </TestObject>
                        </Descriptive>
                        <HideContextInfo>true</HideContextInfo>
                    </Any>
                </Extension>
            </Data>
        </ReportNode>
        <ReportNode type="Step">
            <Data>
                <Name><![CDATA[CONTACT US.click]]></Name>
                <Description/>
                <StartTime>2017-04-27 15:27:47</StartTime>
                <Result>Passed</Result>
                <Links/>
                <Duration>7</Duration>
                <Snapshot reference="Resources\Snapshots\c3fb6bb9-9a65-4b08-a3e6-9f6f221e4396.png"><![CDATA[Resources\Snapshots\c3fb6bb9-9a65-4b08-a3e6-9f6f221e4396.png]]></Snapshot>
                <Extension>
                    <Any>
                        <TestObject>
                            <Path>
                                <Object>
                                    <Type>Web.Browser</Type>
                                    <Name><![CDATA[HOME - Orasi Software, Inc.]]></Name>
                                </Object>
                                <Object>
                                    <Type>Web.Page</Type>
                                    <Name><![CDATA[HOME - Orasi Software, Inc.]]></Name>
                                </Object>
                                <Object>
                                    <Type>Web.WebElement</Type>
                                    <Name><![CDATA[CONTACT US]]></Name>
                                </Object>
                            </Path>
                            <Operation>click</Operation>
                            <OperationData/>
                            <Properties>
                                <Property>
                                    <Name><![CDATA[outerText]]></Name>
                                    <Value><![CDATA[CONTACT US]]></Value>
                                </Property>
                                <Property>
                                    <Name><![CDATA[innerText]]></Name>
                                    <Value><![CDATA[CONTACT US]]></Value>
                                </Property>
                                <Property>
                                    <Name><![CDATA[tagName]]></Name>
                                    <Value><![CDATA[SPAN]]></Value>
                                </Property>
                                <Property>
                                    <Name><![CDATA[index]]></Name>
                                    <Value><![CDATA[0]]></Value>
                                </Property>
                            </Properties>
                        </TestObject>
                        <IsHtmlErrorText>true</IsHtmlErrorText>
                        <IconKey>WebElement</IconKey>
                        <CustomUIElements>
                            <DescriptionLabel>Data</DescriptionLabel>
                        </CustomUIElements>
                        <Descriptive>
                            <TestObject>
                                <Path>
                                    <Object>
                                        <Type>Web.Browser</Type>
                                        <Name><![CDATA[HOME - Orasi Software, Inc.]]></Name>
                                        <IconKey>Browser</IconKey>
                                    </Object>
                                    <Object>
                                        <Type>Web.Page</Type>
                                        <Name><![CDATA[HOME - Orasi Software, Inc.]]></Name>
                                        <IconKey>Page</IconKey>
                                    </Object>
                                    <Object>
                                        <Type>Web.WebElement</Type>
                                        <Name><![CDATA[CONTACT US]]></Name>
                                        <IconKey>WebElement</IconKey>
                                    </Object>
                                </Path>
                            </TestObject>
                        </Descriptive>
                        <HideContextInfo>true</HideContextInfo>
                    </Any>
                </Extension>
            </Data>
        </ReportNode>
        <ReportNode type="Step">
            <Data>
                <Name><![CDATA[42712_172266pi_42712_172266.select]]></Name>
                <Description><![CDATA[<style>.ex-table{border-collapse: collapse !important;width: auto;height: auto;}.ex-table,.ex-table tr,.ex-table td{border: 1px solid #c6c6c6;}.ex-table td{padding: 5px 10px;vertical-align: top;width: auto;}.ex-table .ex-name{font-size: 13px;font-weight: bold;background-color: #f3f3f3;white-space: nowrap;}.ex-table .ex-value{color: #5a5a5a;}</style><table class='ex-table'><tr><td class='ex-name'>arg0</td><td class='ex-value'>&quot;General Questions&quot;</td></tr></table>]]></Description>
                <StartTime>2017-04-27 15:27:54</StartTime>
                <Result>Passed</Result>
                <Links/>
                <Duration>11</Duration>
                <Snapshot reference="Resources\Snapshots\024852a1-2bea-40e8-a3d6-03b175bf14ad.png"><![CDATA[Resources\Snapshots\024852a1-2bea-40e8-a3d6-03b175bf14ad.png]]></Snapshot>
                <Extension>
                    <Any>
                        <TestObject>
                            <Path>
                                <Object>
                                    <Type>Web.Browser</Type>
                                    <Name><![CDATA[Contact Us - Orasi Software, Inc.]]></Name>
                                </Object>
                                <Object>
                                    <Type>Web.Page</Type>
                                    <Name><![CDATA[Contact Us - Orasi Software, Inc.]]></Name>
                                </Object>
                                <Object>
                                    <Type>Web.Frame</Type>
                                    <Name><![CDATA[Frame]]></Name>
                                </Object>
                                <Object>
                                    <Type>Web.ListBox</Type>
                                    <Name><![CDATA[42712_172266pi_42712_172266]]></Name>
                                </Object>
                            </Path>
                            <Operation>select</Operation>
                            <OperationData><![CDATA[<style>.ex-table{border-collapse: collapse !important;width: auto;height: auto;}.ex-table,.ex-table tr,.ex-table td{border: 1px solid #c6c6c6;}.ex-table td{padding: 5px 10px;vertical-align: top;width: auto;}.ex-table .ex-name{font-size: 13px;font-weight: bold;background-color: #f3f3f3;white-space: nowrap;}.ex-table .ex-value{color: #5a5a5a;}</style><table class='ex-table'><tr><td class='ex-name'>arg0</td><td class='ex-value'>&quot;General Questions&quot;</td></tr></table>]]></OperationData>
                            <Properties>
                                <Property>
                                    <Name><![CDATA[name]]></Name>
                                    <Value><![CDATA[42712_172266pi_42712_172266]]></Value>
                                </Property>
                                <Property>
                                    <Name><![CDATA[tagName]]></Name>
                                    <Value><![CDATA[SELECT]]></Value>
                                </Property>
                            </Properties>
                        </TestObject>
                        <IsHtmlErrorText>true</IsHtmlErrorText>
                        <IconKey>ListBox</IconKey>
                        <CustomUIElements>
                            <DescriptionLabel>Data</DescriptionLabel>
                        </CustomUIElements>
                        <Descriptive>
                            <TestObject>
                                <Path>
                                    <Object>
                                        <Type>Web.Browser</Type>
                                        <Name><![CDATA[Contact Us - Orasi Software, Inc.]]></Name>
                                        <IconKey>Browser</IconKey>
                                    </Object>
                                    <Object>
                                        <Type>Web.Page</Type>
                                        <Name><![CDATA[Contact Us - Orasi Software, Inc.]]></Name>
                                        <IconKey>Page</IconKey>
                                    </Object>
                                    <Object>
                                        <Type>Web.Frame</Type>
                                        <Name><![CDATA[Frame]]></Name>
                                        <IconKey>Frame</IconKey>
                                    </Object>
                                    <Object>
                                        <Type>Web.ListBox</Type>
                                        <Name><![CDATA[42712_172266pi_42712_172266]]></Name>
                                        <IconKey>ListBox</IconKey>
                                    </Object>
                                </Path>
                            </TestObject>
                        </Descriptive>
                        <HideContextInfo>true</HideContextInfo>
                    </Any>
                </Extension>
            </Data>
        </ReportNode>
        <ReportNode type="Step">
            <Data>
                <Name><![CDATA[42712_172268pi_42712_172268.setValue]]></Name>
                <Description><![CDATA[<style>.ex-table{border-collapse: collapse !important;width: auto;height: auto;}.ex-table,.ex-table tr,.ex-table td{border: 1px solid #c6c6c6;}.ex-table td{padding: 5px 10px;vertical-align: top;width: auto;}.ex-table .ex-name{font-size: 13px;font-weight: bold;background-color: #f3f3f3;white-space: nowrap;}.ex-table .ex-value{color: #5a5a5a;}</style><table class='ex-table'><tr><td class='ex-name'>arg0</td><td class='ex-value'>&quot;jean.suplick@orasi.com&quot;</td></tr></table>]]></Description>
                <StartTime>2017-04-27 15:28:04</StartTime>
                <Result>Passed</Result>
                <Links/>
                <Duration>5</Duration>
                <Snapshot reference="Resources\Snapshots\82de7c4f-f3f9-4e72-b67f-cf1316fc7d68.png"><![CDATA[Resources\Snapshots\82de7c4f-f3f9-4e72-b67f-cf1316fc7d68.png]]></Snapshot>
                <Extension>
                    <Any>
                        <TestObject>
                            <Path>
                                <Object>
                                    <Type>Web.Browser</Type>
                                    <Name><![CDATA[Contact Us - Orasi Software, Inc.]]></Name>
                                </Object>
                                <Object>
                                    <Type>Web.Page</Type>
                                    <Name><![CDATA[Contact Us - Orasi Software, Inc.]]></Name>
                                </Object>
                                <Object>
                                    <Type>Web.Frame</Type>
                                    <Name><![CDATA[Frame]]></Name>
                                </Object>
                                <Object>
                                    <Type>Web.EditField</Type>
                                    <Name><![CDATA[42712_172268pi_42712_172268]]></Name>
                                </Object>
                            </Path>
                            <Operation>setValue</Operation>
                            <OperationData><![CDATA[<style>.ex-table{border-collapse: collapse !important;width: auto;height: auto;}.ex-table,.ex-table tr,.ex-table td{border: 1px solid #c6c6c6;}.ex-table td{padding: 5px 10px;vertical-align: top;width: auto;}.ex-table .ex-name{font-size: 13px;font-weight: bold;background-color: #f3f3f3;white-space: nowrap;}.ex-table .ex-value{color: #5a5a5a;}</style><table class='ex-table'><tr><td class='ex-name'>arg0</td><td class='ex-value'>&quot;jean.suplick@orasi.com&quot;</td></tr></table>]]></OperationData>
                            <Properties>
                                <Property>
                                    <Name><![CDATA[type]]></Name>
                                    <Value><![CDATA[text]]></Value>
                                </Property>
                                <Property>
                                    <Name><![CDATA[name]]></Name>
                                    <Value><![CDATA[42712_172268pi_42712_172268]]></Value>
                                </Property>
                                <Property>
                                    <Name><![CDATA[tagName]]></Name>
                                    <Value><![CDATA[INPUT]]></Value>
                                </Property>
                            </Properties>
                        </TestObject>
                        <IsHtmlErrorText>true</IsHtmlErrorText>
                        <IconKey>EditField</IconKey>
                        <CustomUIElements>
                            <DescriptionLabel>Data</DescriptionLabel>
                        </CustomUIElements>
                        <Descriptive>
                            <TestObject>
                                <Path>
                                    <Object>
                                        <Type>Web.Browser</Type>
                                        <Name><![CDATA[Contact Us - Orasi Software, Inc.]]></Name>
                                        <IconKey>Browser</IconKey>
                                    </Object>
                                    <Object>
                                        <Type>Web.Page</Type>
                                        <Name><![CDATA[Contact Us - Orasi Software, Inc.]]></Name>
                                        <IconKey>Page</IconKey>
                                    </Object>
                                    <Object>
                                        <Type>Web.Frame</Type>
                                        <Name><![CDATA[Frame]]></Name>
                                        <IconKey>Frame</IconKey>
                                    </Object>
                                    <Object>
                                        <Type>Web.EditField</Type>
                                        <Name><![CDATA[42712_172268pi_42712_172268]]></Name>
                                        <IconKey>EditField</IconKey>
                                    </Object>
                                </Path>
                            </TestObject>
                        </Descriptive>
                        <HideContextInfo>true</HideContextInfo>
                    </Any>
                </Extension>
            </Data>
        </ReportNode>
        <ReportNode type="Step">
            <Data>
                <Name><![CDATA[42712_172270pi_42712_172270.setValue]]></Name>
                <Description><![CDATA[<style>.ex-table{border-collapse: collapse !important;width: auto;height: auto;}.ex-table,.ex-table tr,.ex-table td{border: 1px solid #c6c6c6;}.ex-table td{padding: 5px 10px;vertical-align: top;width: auto;}.ex-table .ex-name{font-size: 13px;font-weight: bold;background-color: #f3f3f3;white-space: nowrap;}.ex-table .ex-value{color: #5a5a5a;}</style><table class='ex-table'><tr><td class='ex-name'>arg0</td><td class='ex-value'>&quot;Jean&quot;</td></tr></table>]]></Description>
                <StartTime>2017-04-27 15:28:09</StartTime>
                <Result>Passed</Result>
                <Links/>
                <Duration>6</Duration>
                <Snapshot reference="Resources\Snapshots\aad9a7cc-8957-4df6-98e6-0ff1622be9fd.png"><![CDATA[Resources\Snapshots\aad9a7cc-8957-4df6-98e6-0ff1622be9fd.png]]></Snapshot>
                <Extension>
                    <Any>
                        <TestObject>
                            <Path>
                                <Object>
                                    <Type>Web.Browser</Type>
                                    <Name><![CDATA[Contact Us - Orasi Software, Inc.]]></Name>
                                </Object>
                                <Object>
                                    <Type>Web.Page</Type>
                                    <Name><![CDATA[Contact Us - Orasi Software, Inc.]]></Name>
                                </Object>
                                <Object>
                                    <Type>Web.Frame</Type>
                                    <Name><![CDATA[Frame]]></Name>
                                </Object>
                                <Object>
                                    <Type>Web.EditField</Type>
                                    <Name><![CDATA[42712_172270pi_42712_172270]]></Name>
                                </Object>
                            </Path>
                            <Operation>setValue</Operation>
                            <OperationData><![CDATA[<style>.ex-table{border-collapse: collapse !important;width: auto;height: auto;}.ex-table,.ex-table tr,.ex-table td{border: 1px solid #c6c6c6;}.ex-table td{padding: 5px 10px;vertical-align: top;width: auto;}.ex-table .ex-name{font-size: 13px;font-weight: bold;background-color: #f3f3f3;white-space: nowrap;}.ex-table .ex-value{color: #5a5a5a;}</style><table class='ex-table'><tr><td class='ex-name'>arg0</td><td class='ex-value'>&quot;Jean&quot;</td></tr></table>]]></OperationData>
                            <Properties>
                                <Property>
                                    <Name><![CDATA[type]]></Name>
                                    <Value><![CDATA[text]]></Value>
                                </Property>
                                <Property>
                                    <Name><![CDATA[name]]></Name>
                                    <Value><![CDATA[42712_172270pi_42712_172270]]></Value>
                                </Property>
                                <Property>
                                    <Name><![CDATA[tagName]]></Name>
                                    <Value><![CDATA[INPUT]]></Value>
                                </Property>
                            </Properties>
                        </TestObject>
                        <IsHtmlErrorText>true</IsHtmlErrorText>
                        <IconKey>EditField</IconKey>
                        <CustomUIElements>
                            <DescriptionLabel>Data</DescriptionLabel>
                        </CustomUIElements>
                        <Descriptive>
                            <TestObject>
                                <Path>
                                    <Object>
                                        <Type>Web.Browser</Type>
                                        <Name><![CDATA[Contact Us - Orasi Software, Inc.]]></Name>
                                        <IconKey>Browser</IconKey>
                                    </Object>
                                    <Object>
                                        <Type>Web.Page</Type>
                                        <Name><![CDATA[Contact Us - Orasi Software, Inc.]]></Name>
                                        <IconKey>Page</IconKey>
                                    </Object>
                                    <Object>
                                        <Type>Web.Frame</Type>
                                        <Name><![CDATA[Frame]]></Name>
                                        <IconKey>Frame</IconKey>
                                    </Object>
                                    <Object>
                                        <Type>Web.EditField</Type>
                                        <Name><![CDATA[42712_172270pi_42712_172270]]></Name>
                                        <IconKey>EditField</IconKey>
                                    </Object>
                                </Path>
                            </TestObject>
                        </Descriptive>
                        <HideContextInfo>true</HideContextInfo>
                    </Any>
                </Extension>
            </Data>
        </ReportNode>
        <ReportNode type="Step">
            <Data>
                <Name><![CDATA[42712_172272pi_42712_172272.setValue]]></Name>
                <Description><![CDATA[<style>.ex-table{border-collapse: collapse !important;width: auto;height: auto;}.ex-table,.ex-table tr,.ex-table td{border: 1px solid #c6c6c6;}.ex-table td{padding: 5px 10px;vertical-align: top;width: auto;}.ex-table .ex-name{font-size: 13px;font-weight: bold;background-color: #f3f3f3;white-space: nowrap;}.ex-table .ex-value{color: #5a5a5a;}</style><table class='ex-table'><tr><td class='ex-name'>arg0</td><td class='ex-value'>&quot;Suplick&quot;</td></tr></table>]]></Description>
                <StartTime>2017-04-27 15:28:14</StartTime>
                <Result>Passed</Result>
                <Links/>
                <Duration>3</Duration>
                <Snapshot reference="Resources\Snapshots\e873df53-d146-4dc9-b6cb-33fe804821aa.png"><![CDATA[Resources\Snapshots\e873df53-d146-4dc9-b6cb-33fe804821aa.png]]></Snapshot>
                <Extension>
                    <Any>
                        <TestObject>
                            <Path>
                                <Object>
                                    <Type>Web.Browser</Type>
                                    <Name><![CDATA[Contact Us - Orasi Software, Inc.]]></Name>
                                </Object>
                                <Object>
                                    <Type>Web.Page</Type>
                                    <Name><![CDATA[Contact Us - Orasi Software, Inc.]]></Name>
                                </Object>
                                <Object>
                                    <Type>Web.EditField</Type>
                                    <Name><![CDATA[42712_172272pi_42712_172272]]></Name>
                                </Object>
                            </Path>
                            <Operation>setValue</Operation>
                            <OperationData><![CDATA[<style>.ex-table{border-collapse: collapse !important;width: auto;height: auto;}.ex-table,.ex-table tr,.ex-table td{border: 1px solid #c6c6c6;}.ex-table td{padding: 5px 10px;vertical-align: top;width: auto;}.ex-table .ex-name{font-size: 13px;font-weight: bold;background-color: #f3f3f3;white-space: nowrap;}.ex-table .ex-value{color: #5a5a5a;}</style><table class='ex-table'><tr><td class='ex-name'>arg0</td><td class='ex-value'>&quot;Suplick&quot;</td></tr></table>]]></OperationData>
                            <Properties>
                                <Property>
                                    <Name><![CDATA[type]]></Name>
                                    <Value><![CDATA[text]]></Value>
                                </Property>
                                <Property>
                                    <Name><![CDATA[name]]></Name>
                                    <Value><![CDATA[42712_172272pi_42712_172272]]></Value>
                                </Property>
                                <Property>
                                    <Name><![CDATA[tagName]]></Name>
                                    <Value><![CDATA[INPUT]]></Value>
                                </Property>
                            </Properties>
                        </TestObject>
                        <IsHtmlErrorText>true</IsHtmlErrorText>
                        <IconKey>EditField</IconKey>
                        <CustomUIElements>
                            <DescriptionLabel>Data</DescriptionLabel>
                        </CustomUIElements>
                        <Descriptive>
                            <TestObject>
                                <Path>
                                    <Object>
                                        <Type>Web.Browser</Type>
                                        <Name><![CDATA[Contact Us - Orasi Software, Inc.]]></Name>
                                        <IconKey>Browser</IconKey>
                                    </Object>
                                    <Object>
                                        <Type>Web.Page</Type>
                                        <Name><![CDATA[Contact Us - Orasi Software, Inc.]]></Name>
                                        <IconKey>Page</IconKey>
                                    </Object>
                                    <Object>
                                        <Type>Web.EditField</Type>
                                        <Name><![CDATA[42712_172272pi_42712_172272]]></Name>
                                        <IconKey>EditField</IconKey>
                                    </Object>
                                </Path>
                            </TestObject>
                        </Descriptive>
                        <HideContextInfo>true</HideContextInfo>
                    </Any>
                </Extension>
            </Data>
        </ReportNode>
        <ReportNode type="Step">
            <Data>
                <Name><![CDATA[42712_172274pi_42712_172274.setValue]]></Name>
                <Description><![CDATA[<style>.ex-table{border-collapse: collapse !important;width: auto;height: auto;}.ex-table,.ex-table tr,.ex-table td{border: 1px solid #c6c6c6;}.ex-table td{padding: 5px 10px;vertical-align: top;width: auto;}.ex-table .ex-name{font-size: 13px;font-weight: bold;background-color: #f3f3f3;white-space: nowrap;}.ex-table .ex-value{color: #5a5a5a;}</style><table class='ex-table'><tr><td class='ex-name'>arg0</td><td class='ex-value'>&quot;Orasi&quot;</td></tr></table>]]></Description>
                <StartTime>2017-04-27 15:28:16</StartTime>
                <Result>Passed</Result>
                <Links/>
                <Duration>2</Duration>
                <Snapshot reference="Resources\Snapshots\ba08b5c3-3e65-4d26-a991-a15fc0fc7b49.png"><![CDATA[Resources\Snapshots\ba08b5c3-3e65-4d26-a991-a15fc0fc7b49.png]]></Snapshot>
                <Extension>
                    <Any>
                        <TestObject>
                            <Path>
                                <Object>
                                    <Type>Web.Browser</Type>
                                    <Name><![CDATA[Contact Us - Orasi Software, Inc.]]></Name>
                                </Object>
                                <Object>
                                    <Type>Web.Page</Type>
                                    <Name><![CDATA[Contact Us - Orasi Software, Inc.]]></Name>
                                </Object>
                                <Object>
                                    <Type>Web.EditField</Type>
                                    <Name><![CDATA[42712_172274pi_42712_172274]]></Name>
                                </Object>
                            </Path>
                            <Operation>setValue</Operation>
                            <OperationData><![CDATA[<style>.ex-table{border-collapse: collapse !important;width: auto;height: auto;}.ex-table,.ex-table tr,.ex-table td{border: 1px solid #c6c6c6;}.ex-table td{padding: 5px 10px;vertical-align: top;width: auto;}.ex-table .ex-name{font-size: 13px;font-weight: bold;background-color: #f3f3f3;white-space: nowrap;}.ex-table .ex-value{color: #5a5a5a;}</style><table class='ex-table'><tr><td class='ex-name'>arg0</td><td class='ex-value'>&quot;Orasi&quot;</td></tr></table>]]></OperationData>
                            <Properties>
                                <Property>
                                    <Name><![CDATA[type]]></Name>
                                    <Value><![CDATA[text]]></Value>
                                </Property>
                                <Property>
                                    <Name><![CDATA[name]]></Name>
                                    <Value><![CDATA[42712_172274pi_42712_172274]]></Value>
                                </Property>
                                <Property>
                                    <Name><![CDATA[tagName]]></Name>
                                    <Value><![CDATA[INPUT]]></Value>
                                </Property>
                            </Properties>
                        </TestObject>
                        <IsHtmlErrorText>true</IsHtmlErrorText>
                        <IconKey>EditField</IconKey>
                        <CustomUIElements>
                            <DescriptionLabel>Data</DescriptionLabel>
                        </CustomUIElements>
                        <Descriptive>
                            <TestObject>
                                <Path>
                                    <Object>
                                        <Type>Web.Browser</Type>
                                        <Name><![CDATA[Contact Us - Orasi Software, Inc.]]></Name>
                                        <IconKey>Browser</IconKey>
                                    </Object>
                                    <Object>
                                        <Type>Web.Page</Type>
                                        <Name><![CDATA[Contact Us - Orasi Software, Inc.]]></Name>
                                        <IconKey>Page</IconKey>
                                    </Object>
                                    <Object>
                                        <Type>Web.EditField</Type>
                                        <Name><![CDATA[42712_172274pi_42712_172274]]></Name>
                                        <IconKey>EditField</IconKey>
                                    </Object>
                                </Path>
                            </TestObject>
                        </Descriptive>
                        <HideContextInfo>true</HideContextInfo>
                    </Any>
                </Extension>
            </Data>
        </ReportNode>
        <ReportNode type="Step">
            <Data>
                <Name><![CDATA[42712_172278pi_42712_172278.select]]></Name>
                <Description><![CDATA[<style>.ex-table{border-collapse: collapse !important;width: auto;height: auto;}.ex-table,.ex-table tr,.ex-table td{border: 1px solid #c6c6c6;}.ex-table td{padding: 5px 10px;vertical-align: top;width: auto;}.ex-table .ex-name{font-size: 13px;font-weight: bold;background-color: #f3f3f3;white-space: nowrap;}.ex-table .ex-value{color: #5a5a5a;}</style><table class='ex-table'><tr><td class='ex-name'>arg0</td><td class='ex-value'>&quot;United States&quot;</td></tr></table>]]></Description>
                <StartTime>2017-04-27 15:28:18</StartTime>
                <Result>Passed</Result>
                <Links/>
                <Duration>2</Duration>
                <Snapshot reference="Resources\Snapshots\719f140a-a9b7-4bb7-a597-17e3a26a7ddb.png"><![CDATA[Resources\Snapshots\719f140a-a9b7-4bb7-a597-17e3a26a7ddb.png]]></Snapshot>
                <Extension>
                    <Any>
                        <TestObject>
                            <Path>
                                <Object>
                                    <Type>Web.Browser</Type>
                                    <Name><![CDATA[Contact Us - Orasi Software, Inc.]]></Name>
                                </Object>
                                <Object>
                                    <Type>Web.Page</Type>
                                    <Name><![CDATA[Contact Us - Orasi Software, Inc.]]></Name>
                                </Object>
                                <Object>
                                    <Type>Web.ListBox</Type>
                                    <Name><![CDATA[42712_172278pi_42712_172278]]></Name>
                                </Object>
                            </Path>
                            <Operation>select</Operation>
                            <OperationData><![CDATA[<style>.ex-table{border-collapse: collapse !important;width: auto;height: auto;}.ex-table,.ex-table tr,.ex-table td{border: 1px solid #c6c6c6;}.ex-table td{padding: 5px 10px;vertical-align: top;width: auto;}.ex-table .ex-name{font-size: 13px;font-weight: bold;background-color: #f3f3f3;white-space: nowrap;}.ex-table .ex-value{color: #5a5a5a;}</style><table class='ex-table'><tr><td class='ex-name'>arg0</td><td class='ex-value'>&quot;United States&quot;</td></tr></table>]]></OperationData>
                            <Properties>
                                <Property>
                                    <Name><![CDATA[name]]></Name>
                                    <Value><![CDATA[42712_172278pi_42712_172278]]></Value>
                                </Property>
                                <Property>
                                    <Name><![CDATA[className]]></Name>
                                    <Value><![CDATA[select]]></Value>
                                </Property>
                                <Property>
                                    <Name><![CDATA[tagName]]></Name>
                                    <Value><![CDATA[SELECT]]></Value>
                                </Property>
                            </Properties>
                        </TestObject>
                        <IsHtmlErrorText>true</IsHtmlErrorText>
                        <IconKey>ListBox</IconKey>
                        <CustomUIElements>
                            <DescriptionLabel>Data</DescriptionLabel>
                        </CustomUIElements>
                        <Descriptive>
                            <TestObject>
                                <Path>
                                    <Object>
                                        <Type>Web.Browser</Type>
                                        <Name><![CDATA[Contact Us - Orasi Software, Inc.]]></Name>
                                        <IconKey>Browser</IconKey>
                                    </Object>
                                    <Object>
                                        <Type>Web.Page</Type>
                                        <Name><![CDATA[Contact Us - Orasi Software, Inc.]]></Name>
                                        <IconKey>Page</IconKey>
                                    </Object>
                                    <Object>
                                        <Type>Web.ListBox</Type>
                                        <Name><![CDATA[42712_172278pi_42712_172278]]></Name>
                                        <IconKey>ListBox</IconKey>
                                    </Object>
                                </Path>
                            </TestObject>
                        </Descriptive>
                        <HideContextInfo>true</HideContextInfo>
                    </Any>
                </Extension>
            </Data>
        </ReportNode>
        <ReportNode type="Step">
            <Data>
                <Name><![CDATA[42712_185989pi_42712_185989.select]]></Name>
                <Description><![CDATA[<style>.ex-table{border-collapse: collapse !important;width: auto;height: auto;}.ex-table,.ex-table tr,.ex-table td{border: 1px solid #c6c6c6;}.ex-table td{padding: 5px 10px;vertical-align: top;width: auto;}.ex-table .ex-name{font-size: 13px;font-weight: bold;background-color: #f3f3f3;white-space: nowrap;}.ex-table .ex-value{color: #5a5a5a;}</style><table class='ex-table'><tr><td class='ex-name'>arg0</td><td class='ex-value'>&quot;TX&quot;</td></tr></table>]]></Description>
                <StartTime>2017-04-27 15:28:19</StartTime>
                <Result>Passed</Result>
                <Links/>
                <Duration>2</Duration>
                <Snapshot reference="Resources\Snapshots\7e17201a-dd9b-4f1b-bc68-5a90b0d2ef31.png"><![CDATA[Resources\Snapshots\7e17201a-dd9b-4f1b-bc68-5a90b0d2ef31.png]]></Snapshot>
                <Extension>
                    <Any>
                        <TestObject>
                            <Path>
                                <Object>
                                    <Type>Web.Browser</Type>
                                    <Name><![CDATA[Contact Us - Orasi Software, Inc.]]></Name>
                                </Object>
                                <Object>
                                    <Type>Web.Page</Type>
                                    <Name><![CDATA[Contact Us - Orasi Software, Inc.]]></Name>
                                </Object>
                                <Object>
                                    <Type>Web.ListBox</Type>
                                    <Name><![CDATA[42712_185989pi_42712_185989]]></Name>
                                </Object>
                            </Path>
                            <Operation>select</Operation>
                            <OperationData><![CDATA[<style>.ex-table{border-collapse: collapse !important;width: auto;height: auto;}.ex-table,.ex-table tr,.ex-table td{border: 1px solid #c6c6c6;}.ex-table td{padding: 5px 10px;vertical-align: top;width: auto;}.ex-table .ex-name{font-size: 13px;font-weight: bold;background-color: #f3f3f3;white-space: nowrap;}.ex-table .ex-value{color: #5a5a5a;}</style><table class='ex-table'><tr><td class='ex-name'>arg0</td><td class='ex-value'>&quot;TX&quot;</td></tr></table>]]></OperationData>
                            <Properties>
                                <Property>
                                    <Name><![CDATA[name]]></Name>
                                    <Value><![CDATA[42712_185989pi_42712_185989]]></Value>
                                </Property>
                                <Property>
                                    <Name><![CDATA[className]]></Name>
                                    <Value><![CDATA[select]]></Value>
                                </Property>
                            </Properties>
                        </TestObject>
                        <IsHtmlErrorText>true</IsHtmlErrorText>
                        <IconKey>ListBox</IconKey>
                        <CustomUIElements>
                            <DescriptionLabel>Data</DescriptionLabel>
                        </CustomUIElements>
                        <Descriptive>
                            <TestObject>
                                <Path>
                                    <Object>
                                        <Type>Web.Browser</Type>
                                        <Name><![CDATA[Contact Us - Orasi Software, Inc.]]></Name>
                                        <IconKey>Browser</IconKey>
                                    </Object>
                                    <Object>
                                        <Type>Web.Page</Type>
                                        <Name><![CDATA[Contact Us - Orasi Software, Inc.]]></Name>
                                        <IconKey>Page</IconKey>
                                    </Object>
                                    <Object>
                                        <Type>Web.ListBox</Type>
                                        <Name><![CDATA[42712_185989pi_42712_185989]]></Name>
                                        <IconKey>ListBox</IconKey>
                                    </Object>
                                </Path>
                            </TestObject>
                        </Descriptive>
                        <HideContextInfo>true</HideContextInfo>
                    </Any>
                </Extension>
            </Data>
        </ReportNode>
        <ReportNode type="Step">
            <Data>
                <Name><![CDATA[42712_172280pi_42712_172280.setValue]]></Name>
                <Description><![CDATA[<style>.ex-table{border-collapse: collapse !important;width: auto;height: auto;}.ex-table,.ex-table tr,.ex-table td{border: 1px solid #c6c6c6;}.ex-table td{padding: 5px 10px;vertical-align: top;width: auto;}.ex-table .ex-name{font-size: 13px;font-weight: bold;background-color: #f3f3f3;white-space: nowrap;}.ex-table .ex-value{color: #5a5a5a;}</style><table class='ex-table'><tr><td class='ex-name'>arg0</td><td class='ex-value'>&quot;This is a test. Please ignore.&quot;</td></tr></table>]]></Description>
                <StartTime>2017-04-27 15:28:21</StartTime>
                <Result>Passed</Result>
                <Links/>
                <Duration>2</Duration>
                <Snapshot reference="Resources\Snapshots\eb835686-dc9e-4a47-aa84-2e7952d57c06.png"><![CDATA[Resources\Snapshots\eb835686-dc9e-4a47-aa84-2e7952d57c06.png]]></Snapshot>
                <Extension>
                    <Any>
                        <TestObject>
                            <Path>
                                <Object>
                                    <Type>Web.Browser</Type>
                                    <Name><![CDATA[Contact Us - Orasi Software, Inc.]]></Name>
                                </Object>
                                <Object>
                                    <Type>Web.Page</Type>
                                    <Name><![CDATA[Contact Us - Orasi Software, Inc.]]></Name>
                                </Object>
                                <Object>
                                    <Type>Web.Frame</Type>
                                    <Name><![CDATA[Frame]]></Name>
                                </Object>
                                <Object>
                                    <Type>Web.EditField</Type>
                                    <Name><![CDATA[42712_172280pi_42712_172280]]></Name>
                                </Object>
                            </Path>
                            <Operation>setValue</Operation>
                            <OperationData><![CDATA[<style>.ex-table{border-collapse: collapse !important;width: auto;height: auto;}.ex-table,.ex-table tr,.ex-table td{border: 1px solid #c6c6c6;}.ex-table td{padding: 5px 10px;vertical-align: top;width: auto;}.ex-table .ex-name{font-size: 13px;font-weight: bold;background-color: #f3f3f3;white-space: nowrap;}.ex-table .ex-value{color: #5a5a5a;}</style><table class='ex-table'><tr><td class='ex-name'>arg0</td><td class='ex-value'>&quot;This is a test. Please ignore.&quot;</td></tr></table>]]></OperationData>
                            <Properties>
                                <Property>
                                    <Name><![CDATA[type]]></Name>
                                    <Value><![CDATA[textarea]]></Value>
                                </Property>
                                <Property>
                                    <Name><![CDATA[name]]></Name>
                                    <Value><![CDATA[42712_172280pi_42712_172280]]></Value>
                                </Property>
                                <Property>
                                    <Name><![CDATA[tagName]]></Name>
                                    <Value><![CDATA[TEXTAREA]]></Value>
                                </Property>
                            </Properties>
                        </TestObject>
                        <IsHtmlErrorText>true</IsHtmlErrorText>
                        <IconKey>EditField</IconKey>
                        <CustomUIElements>
                            <DescriptionLabel>Data</DescriptionLabel>
                        </CustomUIElements>
                        <Descriptive>
                            <TestObject>
                                <Path>
                                    <Object>
                                        <Type>Web.Browser</Type>
                                        <Name><![CDATA[Contact Us - Orasi Software, Inc.]]></Name>
                                        <IconKey>Browser</IconKey>
                                    </Object>
                                    <Object>
                                        <Type>Web.Page</Type>
                                        <Name><![CDATA[Contact Us - Orasi Software, Inc.]]></Name>
                                        <IconKey>Page</IconKey>
                                    </Object>
                                    <Object>
                                        <Type>Web.Frame</Type>
                                        <Name><![CDATA[Frame]]></Name>
                                        <IconKey>Frame</IconKey>
                                    </Object>
                                    <Object>
                                        <Type>Web.EditField</Type>
                                        <Name><![CDATA[42712_172280pi_42712_172280]]></Name>
                                        <IconKey>EditField</IconKey>
                                    </Object>
                                </Path>
                            </TestObject>
                        </Descriptive>
                        <HideContextInfo>true</HideContextInfo>
                    </Any>
                </Extension>
            </Data>
        </ReportNode>
        <ReportNode type="Step">
            <Data>
                <Name><![CDATA[WebElement.click]]></Name>
                <Description/>
                <StartTime>2017-04-27 15:28:22</StartTime>
                <Result>Passed</Result>
                <Links/>
                <Duration>2</Duration>
                <Snapshot reference="Resources\Snapshots\5855900c-5c51-4cbd-8f6b-482854c772a2.png"><![CDATA[Resources\Snapshots\5855900c-5c51-4cbd-8f6b-482854c772a2.png]]></Snapshot>
                <Extension>
                    <Any>
                        <TestObject>
                            <Path>
                                <Object>
                                    <Type>Web.Browser</Type>
                                    <Name><![CDATA[Contact Us - Orasi Software, Inc.]]></Name>
                                </Object>
                                <Object>
                                    <Type>Web.Page</Type>
                                    <Name><![CDATA[Contact Us - Orasi Software, Inc.]]></Name>
                                </Object>
                                <Object>
                                    <Type>Web.WebElement</Type>
                                    <Name><![CDATA[WebElement]]></Name>
                                </Object>
                            </Path>
                            <Operation>click</Operation>
                            <OperationData/>
                            <Properties>
                                <Property>
                                    <Name><![CDATA[className]]></Name>
                                    <Value><![CDATA[recaptcha-checkbox-checkmark]]></Value>
                                </Property>
                                <Property>
                                    <Name><![CDATA[innerText]]></Name>
                                    <Value/>
                                </Property>
                                <Property>
                                    <Name><![CDATA[tagName]]></Name>
                                    <Value><![CDATA[DIV]]></Value>
                                </Property>
                            </Properties>
                        </TestObject>
                        <IsHtmlErrorText>true</IsHtmlErrorText>
                        <IconKey>WebElement</IconKey>
                        <CustomUIElements>
                            <DescriptionLabel>Data</DescriptionLabel>
                        </CustomUIElements>
                        <Descriptive>
                            <TestObject>
                                <Path>
                                    <Object>
                                        <Type>Web.Browser</Type>
                                        <Name><![CDATA[Contact Us - Orasi Software, Inc.]]></Name>
                                        <IconKey>Browser</IconKey>
                                    </Object>
                                    <Object>
                                        <Type>Web.Page</Type>
                                        <Name><![CDATA[Contact Us - Orasi Software, Inc.]]></Name>
                                        <IconKey>Page</IconKey>
                                    </Object>
                                    <Object>
                                        <Type>Web.WebElement</Type>
                                        <Name><![CDATA[WebElement]]></Name>
                                        <IconKey>WebElement</IconKey>
                                    </Object>
                                </Path>
                            </TestObject>
                        </Descriptive>
                        <HideContextInfo>true</HideContextInfo>
                    </Any>
                </Extension>
            </Data>
        </ReportNode>
        <ReportNode type="Step">
            <Data>
                <Name><![CDATA[Submit.click]]></Name>
                <Description/>
                <StartTime>2017-04-27 15:28:23</StartTime>
                <Result>Passed</Result>
                <Links/>
                <Duration>4</Duration>
                <Snapshot reference="Resources\Snapshots\e3470ca0-1891-4220-9c9d-7e5b13d45ef1.png"><![CDATA[Resources\Snapshots\e3470ca0-1891-4220-9c9d-7e5b13d45ef1.png]]></Snapshot>
                <Extension>
                    <Any>
                        <TestObject>
                            <Path>
                                <Object>
                                    <Type>Web.Browser</Type>
                                    <Name><![CDATA[Contact Us - Orasi Software, Inc.]]></Name>
                                </Object>
                                <Object>
                                    <Type>Web.Page</Type>
                                    <Name><![CDATA[Contact Us - Orasi Software, Inc.]]></Name>
                                </Object>
                                <Object>
                                    <Type>Web.Button</Type>
                                    <Name><![CDATA[Submit]]></Name>
                                </Object>
                            </Path>
                            <Operation>click</Operation>
                            <OperationData/>
                            <Properties>
                                <Property>
                                    <Name><![CDATA[buttonType]]></Name>
                                    <Value><![CDATA[submit]]></Value>
                                </Property>
                                <Property>
                                    <Name><![CDATA[name]]></Name>
                                    <Value><![CDATA[Submit]]></Value>
                                </Property>
                                <Property>
                                    <Name><![CDATA[tagName]]></Name>
                                    <Value><![CDATA[INPUT]]></Value>
                                </Property>
                            </Properties>
                        </TestObject>
                        <IsHtmlErrorText>true</IsHtmlErrorText>
                        <IconKey>Button</IconKey>
                        <CustomUIElements>
                            <DescriptionLabel>Data</DescriptionLabel>
                        </CustomUIElements>
                        <Descriptive>
                            <TestObject>
                                <Path>
                                    <Object>
                                        <Type>Web.Browser</Type>
                                        <Name><![CDATA[Contact Us - Orasi Software, Inc.]]></Name>
                                        <IconKey>Browser</IconKey>
                                    </Object>
                                    <Object>
                                        <Type>Web.Page</Type>
                                        <Name><![CDATA[Contact Us - Orasi Software, Inc.]]></Name>
                                        <IconKey>Page</IconKey>
                                    </Object>
                                    <Object>
                                        <Type>Web.Button</Type>
                                        <Name><![CDATA[Submit]]></Name>
                                        <IconKey>Button</IconKey>
                                    </Object>
                                </Path>
                            </TestObject>
                        </Descriptive>
                        <HideContextInfo>true</HideContextInfo>
                    </Any>
                </Extension>
            </Data>
        </ReportNode>
        <ReportNode type="Step">
            <Data>
                <Name><![CDATA[Contact Us - Orasi Software, Inc..close]]></Name>
                <Description/>
                <StartTime>2017-04-27 15:28:26</StartTime>
                <Result>Passed</Result>
                <Links/>
                <Duration>2</Duration>
                <Snapshot reference="Resources\Snapshots\a2ff8996-a9c2-4dea-b254-9fab9eba1b03.png"><![CDATA[Resources\Snapshots\a2ff8996-a9c2-4dea-b254-9fab9eba1b03.png]]></Snapshot>
                <Extension>
                    <Any>
                        <TestObject>
                            <Path>
                                <Object>
                                    <Type>Web.Browser</Type>
                                    <Name><![CDATA[Contact Us - Orasi Software, Inc.]]></Name>
                                </Object>
                            </Path>
                            <Operation>close</Operation>
                            <OperationData/>
                            <Properties>
                                <Property>
                                    <Name><![CDATA[type]]></Name>
                                    <Value><![CDATA[Mozilla Firefox]]></Value>
                                </Property>
                                <Property>
                                    <Name><![CDATA[version]]></Name>
                                    <Value><![CDATA[44.0]]></Value>
                                </Property>
                            </Properties>
                        </TestObject>
                        <IsHtmlErrorText>true</IsHtmlErrorText>
                        <IconKey>Browser</IconKey>
                        <CustomUIElements>
                            <DescriptionLabel>Data</DescriptionLabel>
                        </CustomUIElements>
                        <Descriptive>
                            <TestObject>
                                <Path>
                                    <Object>
                                        <Type>Web.Browser</Type>
                                        <Name><![CDATA[Contact Us - Orasi Software, Inc.]]></Name>
                                        <IconKey>Browser</IconKey>
                                    </Object>
                                </Path>
                            </TestObject>
                        </Descriptive>
                        <HideContextInfo>true</HideContextInfo>
                    </Any>
                </Extension>
            </Data>
        </ReportNode>
    </ReportNode>
</Results>
